<?xml version="1.0" encoding="UTF-8"?>
<testsuite xmlns:xsi="http://www.w3.org/2001/XMLSchema-instance" xsi:noNamespaceSchemaLocation="https://maven.apache.org/surefire/maven-surefire-plugin/xsd/surefire-test-report-3.0.xsd" version="3.0" name="com.example.AppTest" time="0.085" tests="1" errors="0" skipped="0" failures="0">
  <properties>
    <property name="java.specification.version" value="17"/>
    <property name="sun.cpu.isalist" value="amd64"/>
    <property name="sun.jnu.encoding" value="Cp1252"/>
    <property name="java.class.path" value="c:\Users\annao\Documents\Faculdade\travelPackage\travel\target\test-classes;c:\Users\annao\Documents\Faculdade\travelPackage\travel\target\classes;C:\Users\annao\.m2\repository\junit\junit\4.13.2\junit-4.13.2.jar;C:\Users\annao\.m2\repository\org\hamcrest\hamcrest-core\1.3\hamcrest-core-1.3.jar;C:\Users\annao\.m2\repository\io\grpc\grpc-core\1.70.0\grpc-core-1.70.0.jar;C:\Users\annao\.m2\repository\io\grpc\grpc-api\1.70.0\grpc-api-1.70.0.jar;C:\Users\annao\.m2\repository\com\google\code\gson\gson\2.11.0\gson-2.11.0.jar;C:\Users\annao\.m2\repository\com\google\android\annotations\4.1.1.4\annotations-4.1.1.4.jar;C:\Users\annao\.m2\repository\org\codehaus\mojo\animal-sniffer-annotations\1.24\animal-sniffer-annotations-1.24.jar;C:\Users\annao\.m2\repository\com\google\errorprone\error_prone_annotations\2.30.0\error_prone_annotations-2.30.0.jar;C:\Users\annao\.m2\repository\io\perfmark\perfmark-api\0.27.0\perfmark-api-0.27.0.jar;C:\Users\annao\.m2\repository\io\grpc\grpc-context\1.70.0\grpc-context-1.70.0.jar;C:\Users\annao\.m2\repository\io\grpc\grpc-services\1.70.0\grpc-services-1.70.0.jar;C:\Users\annao\.m2\repository\io\grpc\grpc-util\1.70.0\grpc-util-1.70.0.jar;C:\Users\annao\.m2\repository\com\google\guava\guava\33.3.1-jre\guava-33.3.1-jre.jar;C:\Users\annao\.m2\repository\com\google\guava\failureaccess\1.0.2\failureaccess-1.0.2.jar;C:\Users\annao\.m2\repository\com\google\guava\listenablefuture\9999.0-empty-to-avoid-conflict-with-guava\listenablefuture-9999.0-empty-to-avoid-conflict-with-guava.jar;C:\Users\annao\.m2\repository\org\checkerframework\checker-qual\3.43.0\checker-qual-3.43.0.jar;C:\Users\annao\.m2\repository\io\grpc\grpc-protobuf\1.70.0\grpc-protobuf-1.70.0.jar;C:\Users\annao\.m2\repository\com\google\code\findbugs\jsr305\3.0.2\jsr305-3.0.2.jar;C:\Users\annao\.m2\repository\com\google\protobuf\protobuf-java\3.25.5\protobuf-java-3.25.5.jar;C:\Users\annao\.m2\repository\com\google\api\grpc\proto-google-common-protos\2.48.0\proto-google-common-protos-2.48.0.jar;C:\Users\annao\.m2\repository\io\grpc\grpc-stub\1.70.0\grpc-stub-1.70.0.jar;C:\Users\annao\.m2\repository\com\google\protobuf\protobuf-java-util\3.25.5\protobuf-java-util-3.25.5.jar;C:\Users\annao\.m2\repository\com\google\j2objc\j2objc-annotations\3.0.0\j2objc-annotations-3.0.0.jar;C:\Users\annao\.m2\repository\org\apache\tomcat\annotations-api\6.0.53\annotations-api-6.0.53.jar;C:\Users\annao\.m2\repository\io\grpc\grpc-okhttp\1.70.0\grpc-okhttp-1.70.0.jar;C:\Users\annao\.m2\repository\com\squareup\okio\okio\3.4.0\okio-3.4.0.jar;C:\Users\annao\.m2\repository\com\squareup\okio\okio-jvm\3.4.0\okio-jvm-3.4.0.jar;C:\Users\annao\.m2\repository\org\jetbrains\kotlin\kotlin-stdlib-jdk8\1.8.0\kotlin-stdlib-jdk8-1.8.0.jar;C:\Users\annao\.m2\repository\org\jetbrains\kotlin\kotlin-stdlib\1.8.0\kotlin-stdlib-1.8.0.jar;C:\Users\annao\.m2\repository\org\jetbrains\annotations\13.0\annotations-13.0.jar;C:\Users\annao\.m2\repository\org\jetbrains\kotlin\kotlin-stdlib-jdk7\1.8.0\kotlin-stdlib-jdk7-1.8.0.jar;C:\Users\annao\.m2\repository\org\jetbrains\kotlin\kotlin-stdlib-common\1.8.0\kotlin-stdlib-common-1.8.0.jar;C:\Users\annao\.m2\repository\io\grpc\grpc-protobuf-lite\1.70.0\grpc-protobuf-lite-1.70.0.jar;C:\Users\annao\.m2\repository\com\google\protobuf\protobuf-javalite\3.25.5\protobuf-javalite-3.25.5.jar;C:\Users\annao\.m2\repository\io\grpc\grpc-testing\1.70.0\grpc-testing-1.70.0.jar;C:\Users\annao\.m2\repository\io\grpc\grpc-inprocess\1.70.0\grpc-inprocess-1.70.0.jar;C:\Users\annao\.m2\repository\org\mockito\mockito-core\4.4.0\mockito-core-4.4.0.jar;C:\Users\annao\.m2\repository\net\bytebuddy\byte-buddy\1.12.8\byte-buddy-1.12.8.jar;C:\Users\annao\.m2\repository\net\bytebuddy\byte-buddy-agent\1.12.8\byte-buddy-agent-1.12.8.jar;C:\Users\annao\.m2\repository\org\objenesis\objenesis\3.2\objenesis-3.2.jar;C:\Users\annao\.m2\repository\com\mysql\mysql-connector-j\8.0.33\mysql-connector-j-8.0.33.jar;C:\Users\annao\.m2\repository\org\hibernate\orm\hibernate-core\6.3.1.Final\hibernate-core-6.3.1.Final.jar;C:\Users\annao\.m2\repository\jakarta\transaction\jakarta.transaction-api\2.0.1\jakarta.transaction-api-2.0.1.jar;C:\Users\annao\.m2\repository\org\jboss\logging\jboss-logging\3.5.0.Final\jboss-logging-3.5.0.Final.jar;C:\Users\annao\.m2\repository\org\hibernate\common\hibernate-commons-annotations\6.0.6.Final\hibernate-commons-annotations-6.0.6.Final.jar;C:\Users\annao\.m2\repository\io\smallrye\jandex\3.1.2\jandex-3.1.2.jar;C:\Users\annao\.m2\repository\com\fasterxml\classmate\1.5.1\classmate-1.5.1.jar;C:\Users\annao\.m2\repository\jakarta\xml\bind\jakarta.xml.bind-api\4.0.0\jakarta.xml.bind-api-4.0.0.jar;C:\Users\annao\.m2\repository\jakarta\activation\jakarta.activation-api\2.1.1\jakarta.activation-api-2.1.1.jar;C:\Users\annao\.m2\repository\org\glassfish\jaxb\jaxb-runtime\4.0.2\jaxb-runtime-4.0.2.jar;C:\Users\annao\.m2\repository\org\glassfish\jaxb\jaxb-core\4.0.2\jaxb-core-4.0.2.jar;C:\Users\annao\.m2\repository\org\eclipse\angus\angus-activation\2.0.0\angus-activation-2.0.0.jar;C:\Users\annao\.m2\repository\org\glassfish\jaxb\txw2\4.0.2\txw2-4.0.2.jar;C:\Users\annao\.m2\repository\com\sun\istack\istack-commons-runtime\4.1.1\istack-commons-runtime-4.1.1.jar;C:\Users\annao\.m2\repository\jakarta\inject\jakarta.inject-api\2.0.1\jakarta.inject-api-2.0.1.jar;C:\Users\annao\.m2\repository\org\antlr\antlr4-runtime\4.10.1\antlr4-runtime-4.10.1.jar;C:\Users\annao\.m2\repository\jakarta\persistence\jakarta.persistence-api\3.1.0\jakarta.persistence-api-3.1.0.jar;"/>
    <property name="java.vm.vendor" value="Eclipse Adoptium"/>
    <property name="sun.arch.data.model" value="64"/>
    <property name="user.variant" value=""/>
    <property name="java.vendor.url" value="https://adoptium.net/"/>
    <property name="user.timezone" value="America/Sao_Paulo"/>
    <property name="os.name" value="Windows 11"/>
    <property name="java.vm.specification.version" value="17"/>
    <property name="sun.java.launcher" value="SUN_STANDARD"/>
    <property name="user.country" value="BR"/>
    <property name="sun.boot.library.path" value="C:\Users\annao\.sdkman\candidates\java\17.0.6-tem\bin"/>
    <property name="sun.java.command" value="C:\Users\annao\AppData\Local\Temp\surefire6754354594246332484\surefirebooter-20250218195549714_3.jar C:\Users\annao\AppData\Local\Temp\surefire6754354594246332484 2025-02-18T19-55-49_493-jvmRun1 surefire-20250218195549714_1tmp surefire_0-20250218195549714_2tmp"/>
    <property name="jdk.debug" value="release"/>
    <property name="surefire.test.class.path" value="c:\Users\annao\Documents\Faculdade\travelPackage\travel\target\test-classes;c:\Users\annao\Documents\Faculdade\travelPackage\travel\target\classes;C:\Users\annao\.m2\repository\junit\junit\4.13.2\junit-4.13.2.jar;C:\Users\annao\.m2\repository\org\hamcrest\hamcrest-core\1.3\hamcrest-core-1.3.jar;C:\Users\annao\.m2\repository\io\grpc\grpc-core\1.70.0\grpc-core-1.70.0.jar;C:\Users\annao\.m2\repository\io\grpc\grpc-api\1.70.0\grpc-api-1.70.0.jar;C:\Users\annao\.m2\repository\com\google\code\gson\gson\2.11.0\gson-2.11.0.jar;C:\Users\annao\.m2\repository\com\google\android\annotations\4.1.1.4\annotations-4.1.1.4.jar;C:\Users\annao\.m2\repository\org\codehaus\mojo\animal-sniffer-annotations\1.24\animal-sniffer-annotations-1.24.jar;C:\Users\annao\.m2\repository\com\google\errorprone\error_prone_annotations\2.30.0\error_prone_annotations-2.30.0.jar;C:\Users\annao\.m2\repository\io\perfmark\perfmark-api\0.27.0\perfmark-api-0.27.0.jar;C:\Users\annao\.m2\repository\io\grpc\grpc-context\1.70.0\grpc-context-1.70.0.jar;C:\Users\annao\.m2\repository\io\grpc\grpc-services\1.70.0\grpc-services-1.70.0.jar;C:\Users\annao\.m2\repository\io\grpc\grpc-util\1.70.0\grpc-util-1.70.0.jar;C:\Users\annao\.m2\repository\com\google\guava\guava\33.3.1-jre\guava-33.3.1-jre.jar;C:\Users\annao\.m2\repository\com\google\guava\failureaccess\1.0.2\failureaccess-1.0.2.jar;C:\Users\annao\.m2\repository\com\google\guava\listenablefuture\9999.0-empty-to-avoid-conflict-with-guava\listenablefuture-9999.0-empty-to-avoid-conflict-with-guava.jar;C:\Users\annao\.m2\repository\org\checkerframework\checker-qual\3.43.0\checker-qual-3.43.0.jar;C:\Users\annao\.m2\repository\io\grpc\grpc-protobuf\1.70.0\grpc-protobuf-1.70.0.jar;C:\Users\annao\.m2\repository\com\google\code\findbugs\jsr305\3.0.2\jsr305-3.0.2.jar;C:\Users\annao\.m2\repository\com\google\protobuf\protobuf-java\3.25.5\protobuf-java-3.25.5.jar;C:\Users\annao\.m2\repository\com\google\api\grpc\proto-google-common-protos\2.48.0\proto-google-common-protos-2.48.0.jar;C:\Users\annao\.m2\repository\io\grpc\grpc-stub\1.70.0\grpc-stub-1.70.0.jar;C:\Users\annao\.m2\repository\com\google\protobuf\protobuf-java-util\3.25.5\protobuf-java-util-3.25.5.jar;C:\Users\annao\.m2\repository\com\google\j2objc\j2objc-annotations\3.0.0\j2objc-annotations-3.0.0.jar;C:\Users\annao\.m2\repository\org\apache\tomcat\annotations-api\6.0.53\annotations-api-6.0.53.jar;C:\Users\annao\.m2\repository\io\grpc\grpc-okhttp\1.70.0\grpc-okhttp-1.70.0.jar;C:\Users\annao\.m2\repository\com\squareup\okio\okio\3.4.0\okio-3.4.0.jar;C:\Users\annao\.m2\repository\com\squareup\okio\okio-jvm\3.4.0\okio-jvm-3.4.0.jar;C:\Users\annao\.m2\repository\org\jetbrains\kotlin\kotlin-stdlib-jdk8\1.8.0\kotlin-stdlib-jdk8-1.8.0.jar;C:\Users\annao\.m2\repository\org\jetbrains\kotlin\kotlin-stdlib\1.8.0\kotlin-stdlib-1.8.0.jar;C:\Users\annao\.m2\repository\org\jetbrains\annotations\13.0\annotations-13.0.jar;C:\Users\annao\.m2\repository\org\jetbrains\kotlin\kotlin-stdlib-jdk7\1.8.0\kotlin-stdlib-jdk7-1.8.0.jar;C:\Users\annao\.m2\repository\org\jetbrains\kotlin\kotlin-stdlib-common\1.8.0\kotlin-stdlib-common-1.8.0.jar;C:\Users\annao\.m2\repository\io\grpc\grpc-protobuf-lite\1.70.0\grpc-protobuf-lite-1.70.0.jar;C:\Users\annao\.m2\repository\com\google\protobuf\protobuf-javalite\3.25.5\protobuf-javalite-3.25.5.jar;C:\Users\annao\.m2\repository\io\grpc\grpc-testing\1.70.0\grpc-testing-1.70.0.jar;C:\Users\annao\.m2\repository\io\grpc\grpc-inprocess\1.70.0\grpc-inprocess-1.70.0.jar;C:\Users\annao\.m2\repository\org\mockito\mockito-core\4.4.0\mockito-core-4.4.0.jar;C:\Users\annao\.m2\repository\net\bytebuddy\byte-buddy\1.12.8\byte-buddy-1.12.8.jar;C:\Users\annao\.m2\repository\net\bytebuddy\byte-buddy-agent\1.12.8\byte-buddy-agent-1.12.8.jar;C:\Users\annao\.m2\repository\org\objenesis\objenesis\3.2\objenesis-3.2.jar;C:\Users\annao\.m2\repository\com\mysql\mysql-connector-j\8.0.33\mysql-connector-j-8.0.33.jar;C:\Users\annao\.m2\repository\org\hibernate\orm\hibernate-core\6.3.1.Final\hibernate-core-6.3.1.Final.jar;C:\Users\annao\.m2\repository\jakarta\transaction\jakarta.transaction-api\2.0.1\jakarta.transaction-api-2.0.1.jar;C:\Users\annao\.m2\repository\org\jboss\logging\jboss-logging\3.5.0.Final\jboss-logging-3.5.0.Final.jar;C:\Users\annao\.m2\repository\org\hibernate\common\hibernate-commons-annotations\6.0.6.Final\hibernate-commons-annotations-6.0.6.Final.jar;C:\Users\annao\.m2\repository\io\smallrye\jandex\3.1.2\jandex-3.1.2.jar;C:\Users\annao\.m2\repository\com\fasterxml\classmate\1.5.1\classmate-1.5.1.jar;C:\Users\annao\.m2\repository\jakarta\xml\bind\jakarta.xml.bind-api\4.0.0\jakarta.xml.bind-api-4.0.0.jar;C:\Users\annao\.m2\repository\jakarta\activation\jakarta.activation-api\2.1.1\jakarta.activation-api-2.1.1.jar;C:\Users\annao\.m2\repository\org\glassfish\jaxb\jaxb-runtime\4.0.2\jaxb-runtime-4.0.2.jar;C:\Users\annao\.m2\repository\org\glassfish\jaxb\jaxb-core\4.0.2\jaxb-core-4.0.2.jar;C:\Users\annao\.m2\repository\org\eclipse\angus\angus-activation\2.0.0\angus-activation-2.0.0.jar;C:\Users\annao\.m2\repository\org\glassfish\jaxb\txw2\4.0.2\txw2-4.0.2.jar;C:\Users\annao\.m2\repository\com\sun\istack\istack-commons-runtime\4.1.1\istack-commons-runtime-4.1.1.jar;C:\Users\annao\.m2\repository\jakarta\inject\jakarta.inject-api\2.0.1\jakarta.inject-api-2.0.1.jar;C:\Users\annao\.m2\repository\org\antlr\antlr4-runtime\4.10.1\antlr4-runtime-4.10.1.jar;C:\Users\annao\.m2\repository\jakarta\persistence\jakarta.persistence-api\3.1.0\jakarta.persistence-api-3.1.0.jar;"/>
    <property name="sun.cpu.endian" value="little"/>
    <property name="user.home" value="C:\Users\annao"/>
    <property name="user.language" value="pt"/>
    <property name="java.specification.vendor" value="Oracle Corporation"/>
    <property name="java.version.date" value="2023-01-17"/>
    <property name="java.home" value="C:\Users\annao\.sdkman\candidates\java\17.0.6-tem"/>
    <property name="file.separator" value="\"/>
    <property name="basedir" value="c:\Users\annao\Documents\Faculdade\travelPackage\travel"/>
    <property name="java.vm.compressedOopsMode" value="Zero based"/>
    <property name="line.separator" value="&#10;"/>
    <property name="java.vm.specification.vendor" value="Oracle Corporation"/>
    <property name="java.specification.name" value="Java Platform API Specification"/>
    <property name="surefire.real.class.path" value="C:\Users\annao\AppData\Local\Temp\surefire6754354594246332484\surefirebooter-20250218195549714_3.jar"/>
    <property name="user.script" value=""/>
    <property name="sun.management.compiler" value="HotSpot 64-Bit Tiered Compilers"/>
    <property name="java.runtime.version" value="17.0.6+10"/>
    <property name="user.name" value="annao"/>
    <property name="path.separator" value=";"/>
    <property name="os.version" value="10.0"/>
    <property name="java.runtime.name" value="OpenJDK Runtime Environment"/>
    <property name="file.encoding" value="Cp1252"/>
    <property name="java.vm.name" value="OpenJDK 64-Bit Server VM"/>
    <property name="java.vendor.version" value="Temurin-17.0.6+10"/>
    <property name="localRepository" value="C:\Users\annao\.m2\repository"/>
    <property name="java.vendor.url.bug" value="https://github.com/adoptium/adoptium-support/issues"/>
    <property name="java.io.tmpdir" value="C:\Users\annao\AppData\Local\Temp\"/>
    <property name="java.version" value="17.0.6"/>
    <property name="user.dir" value="c:\Users\annao\Documents\Faculdade\travelPackage\travel"/>
    <property name="os.arch" value="amd64"/>
    <property name="java.vm.specification.name" value="Java Virtual Machine Specification"/>
    <property name="sun.os.patch.level" value=""/>
    <property name="native.encoding" value="Cp1252"/>
    <property name="java.library.path" value="C:\Users\annao\.sdkman\candidates\java\17.0.6-tem\bin;C:\Windows\Sun\Java\bin;C:\Windows\system32;C:\Windows;C:\Python313\Scripts\;C:\Python313\;C:\Program Files\Common Files\Oracle\Java\javapath;C:\Windows\system32;C:\Windows;C:\Windows\System32\Wbem;C:\Windows\System32\WindowsPowerShell\v1.0\;C:\Windows\System32\OpenSSH\;C:\Program Files\dotnet\;C:\Program Files\Git\cmd;C:\Program Files\Docker\Docker\resources\bin;C:\Users\annao\.sdkman\candidates\java\17.0.6-tem\bin;C:\ProgramData\chocolatey\bin;C:\Program Files\nodejs\;C:\Program Files\MySQL\MySQL Shell 8.0\bin\;C:\Users\annao\AppData\Local\Microsoft\WindowsApps;C:\Users\annao\AppData\Local\Programs\Microsoft VS Code\bin;C:\Users\annao\.dotnet\tools;C:\Program Files\apache-maven-3.9.9\bin;C:\msys64\ucrt64\bin;C:\Program Files (x86)\GnuWin32\bin;C:\Users\annao\.sdkman\candidates\java\17.0.6-tem\bin;C:\Users\annao\AppData\Roaming\npm;."/>
    <property name="java.vm.info" value="mixed mode, sharing"/>
    <property name="java.vendor" value="Eclipse Adoptium"/>
    <property name="java.vm.version" value="17.0.6+10"/>
    <property name="sun.io.unicode.encoding" value="UnicodeLittle"/>
    <property name="java.class.version" value="61.0"/>
  </properties>
  <testcase name="shouldAnswerWithTrue" classname="com.example.AppTest" time="0.0"/>
</testsuite>